[INFO ] [14:44:02] [1] - 

14:44:02 -------------------------------- NEW LOG --------------------------------
[INFO ] [14:46:07] [1] - 

14:46:07 -------------------------------- NEW LOG --------------------------------
[INFO ] [14:46:24] [1] - Login user: 'Администратор' result: 'True'
[ERROR] [14:46:36] [1] - Key: Invalid agent!
[ERROR] [14:46:36] [1] - Key: Invalid agent!
[ERROR] [14:46:36] [1] - Key: Invalid agent!
[ERROR] [14:46:36] [1] - Key: Invalid agent!
[ERROR] [14:46:54] [27] - Ошибка 22. Ошибка работы с БД -- Ошибка при преобразовании строки символов в тип uniqueidentifier.
[ERROR] [14:46:54] [27] -  CallStack content :
[ERROR] [14:46:55] [27] -    в System.Environment.GetStackTrace(Exception e, Boolean needFileInfo)
   в System.Environment.get_StackTrace()
   в NsgSoft.Common.NsgTracer.WriteErrorWithCallstack(String error) в F:\Project_TT_2010\Framework\trunk\NsgSoft.Common\Service\NsgTracer.cs:строка 239
   в NsgSoft.Common.NsgLoggedException..ctor(Enum error, Single errorNumber, Object[] args) в F:\Project_TT_2010\Framework\trunk\NsgSoft.Common\Service\NsgLoggedException.cs:строка 60
   в NsgSoft.Database.NsgDatabaseMsSQL.Find(String tableName, NsgFindParam& parameters, IDbTransaction transaction) в F:\Project_TT_2010\Framework\trunk\NsgSoft.Database\NsgDatabaseMsSQL.cs:строка 2440
   в NsgSoft.DataObjects.NsgMultipleObject.FindAll(NsgFindParam& parameters) в F:\Project_TT_2010\Framework\trunk\NsgSoft.DataObjects\Base Data Types\NsgMultipleObject.DB.cs:строка 2572
   в NsgSoft.DataObjects.NsgMultipleObject.FindAll(Boolean isFull, Int32& count, Int64 row_start, NsgSorting sorting, NsgCompare compare, String[] reqNames, String[] tblRefs) в F:\Project_TT_2010\Framework\trunk\NsgSoft.DataObjects\Base Data Types\NsgMultipleObject.DB.cs:строка 2534
   в NsgSoft.DataObjects.NsgMultipleObject.FindAll(Boolean isFull, Int32& count, Int64 row_start, NsgSorting sorting, NsgCompare compare) в F:\Project_TT_2010\Framework\trunk\NsgSoft.DataObjects\Base Data Types\NsgMultipleObject.DB.cs:строка 2457
   в NsgSoft.DataObjects.NsgMultipleObject.FindAll(Int32& count, Int64 row_start, NsgSorting sorting, NsgCompare compare) в F:\Project_TT_2010\Framework\trunk\NsgSoft.DataObjects\Base Data Types\NsgMultipleObject.DB.cs:строка 3251
   в Авто.Метаданные.Банк.ИсторияКурсов.FindAll(Int32& count, Int64 row_start, NsgSorting sorting, NsgCompare compare) в C:\FrameworkDemo\code\Метаданные\Банк\ИсторияКурсов\ИсторияКурсов.NsgInit.cs:строка 1125
   в Авто.Метаданные.Банк.ЗаполнениеКурсаФорма.OnCreateReport(NsgBackgroundWorker nsgBackgroundReporter, DoWorkEventArgs e) в C:\FrameworkDemo\code\Метаданные\Банк\ЗаполнениеКурса\Форма.cs:строка 76
   в NsgSoft.Forms.NsgReportForm.onCreateReport(Object sender, DoWorkEventArgs e) в F:\Project_TT_2010\Framework\trunk\NsgSoft.Forms\Forms\CommonForms\NsgReportForm.cs:строка 405
   в NsgSoft.DataObjects.NsgThread.OnDoWork(DoWorkEventArgs e) в F:\Project_TT_2010\Framework\trunk\NsgSoft.DataObjects\Service\NsgThread.cs:строка 630
   в NsgSoft.DataObjects.NsgThread.start(Object obj) в F:\Project_TT_2010\Framework\trunk\NsgSoft.DataObjects\Service\NsgThread.cs:строка 565
   в System.Threading.ExecutionContext.RunInternal(ExecutionContext executionContext, ContextCallback callback, Object state, Boolean preserveSyncCtx)
   в System.Threading.ExecutionContext.Run(ExecutionContext executionContext, ContextCallback callback, Object state, Boolean preserveSyncCtx)
   в System.Threading.ExecutionContext.Run(ExecutionContext executionContext, ContextCallback callback, Object state)
   в System.Threading.ThreadHelper.ThreadStart(Object obj)
[ERROR] [14:46:55] [27] - 
[INFO ] [14:51:24] [1] - 

14:51:24 -------------------------------- NEW LOG --------------------------------
[INFO ] [14:51:34] [1] - Login user: 'Администратор' result: 'True'
[ERROR] [14:51:40] [1] - Key: Invalid agent!
[ERROR] [14:51:40] [1] - Key: Invalid agent!
[ERROR] [14:51:40] [1] - Key: Invalid agent!
[ERROR] [14:51:40] [1] - Key: Invalid agent!
[INFO ] [14:52:20] [1] - 

14:52:20 -------------------------------- NEW LOG --------------------------------
[INFO ] [14:52:30] [1] - Login user: 'Администратор' result: 'True'
[ERROR] [14:52:35] [1] - Key: Invalid agent!
[ERROR] [14:52:35] [1] - Key: Invalid agent!
[ERROR] [14:52:35] [1] - Key: Invalid agent!
[ERROR] [14:52:35] [1] - Key: Invalid agent!
[ERROR] [14:52:54] [53] - Ошибка 22. Ошибка работы с БД -- Ошибка при преобразовании строки символов в тип uniqueidentifier.
[ERROR] [14:52:54] [53] -  CallStack content :
[ERROR] [14:52:54] [53] -    в System.Environment.GetStackTrace(Exception e, Boolean needFileInfo)
   в System.Environment.get_StackTrace()
   в NsgSoft.Common.NsgTracer.WriteErrorWithCallstack(String error) в F:\Project_TT_2010\Framework\trunk\NsgSoft.Common\Service\NsgTracer.cs:строка 239
   в NsgSoft.Common.NsgLoggedException..ctor(Enum error, Single errorNumber, Object[] args) в F:\Project_TT_2010\Framework\trunk\NsgSoft.Common\Service\NsgLoggedException.cs:строка 60
   в NsgSoft.Database.NsgDatabaseMsSQL.Find(String tableName, NsgFindParam& parameters, IDbTransaction transaction) в F:\Project_TT_2010\Framework\trunk\NsgSoft.Database\NsgDatabaseMsSQL.cs:строка 2440
   в NsgSoft.DataObjects.NsgMultipleObject.FindAll(NsgFindParam& parameters) в F:\Project_TT_2010\Framework\trunk\NsgSoft.DataObjects\Base Data Types\NsgMultipleObject.DB.cs:строка 2572
   в NsgSoft.DataObjects.NsgMultipleObject.FindAll(Boolean isFull, Int32& count, Int64 row_start, NsgSorting sorting, NsgCompare compare, String[] reqNames, String[] tblRefs) в F:\Project_TT_2010\Framework\trunk\NsgSoft.DataObjects\Base Data Types\NsgMultipleObject.DB.cs:строка 2534
   в NsgSoft.DataObjects.NsgMultipleObject.FindAll(NsgCompare compare) в F:\Project_TT_2010\Framework\trunk\NsgSoft.DataObjects\Base Data Types\NsgMultipleObject.DB.cs:строка 2436
   в Авто.Метаданные.Банк.ИсторияКурсов.FindAll(NsgCompare compare) в C:\FrameworkDemo\code\Метаданные\Банк\ИсторияКурсов\ИсторияКурсов.NsgInit.cs:строка 1108
   в Авто.Метаданные.Банк.ЗаполнениеКурсаФорма.OnCreateReport(NsgBackgroundWorker nsgBackgroundReporter, DoWorkEventArgs e) в C:\FrameworkDemo\code\Метаданные\Банк\ЗаполнениеКурса\Форма.cs:строка 75
   в NsgSoft.Forms.NsgReportForm.onCreateReport(Object sender, DoWorkEventArgs e) в F:\Project_TT_2010\Framework\trunk\NsgSoft.Forms\Forms\CommonForms\NsgReportForm.cs:строка 405
   в NsgSoft.DataObjects.NsgThread.OnDoWork(DoWorkEventArgs e) в F:\Project_TT_2010\Framework\trunk\NsgSoft.DataObjects\Service\NsgThread.cs:строка 630
   в NsgSoft.DataObjects.NsgThread.start(Object obj) в F:\Project_TT_2010\Framework\trunk\NsgSoft.DataObjects\Service\NsgThread.cs:строка 565
   в System.Threading.ExecutionContext.RunInternal(ExecutionContext executionContext, ContextCallback callback, Object state, Boolean preserveSyncCtx)
   в System.Threading.ExecutionContext.Run(ExecutionContext executionContext, ContextCallback callback, Object state, Boolean preserveSyncCtx)
   в System.Threading.ExecutionContext.Run(ExecutionContext executionContext, ContextCallback callback, Object state)
   в System.Threading.ThreadHelper.ThreadStart(Object obj)
[ERROR] [14:52:54] [53] - 
[INFO ] [14:54:57] [1] - 

14:54:57 -------------------------------- NEW LOG --------------------------------
[INFO ] [14:55:05] [1] - Login user: 'Администратор' result: 'True'
[ERROR] [14:55:10] [1] - Key: Invalid agent!
[ERROR] [14:55:10] [1] - Key: Invalid agent!
[ERROR] [14:55:10] [1] - Key: Invalid agent!
[ERROR] [14:55:10] [1] - Key: Invalid agent!
[ERROR] [14:59:08] [203] - Ошибка 22. Ошибка работы с БД -- Ошибка при преобразовании строки символов в тип uniqueidentifier.
[ERROR] [14:59:08] [203] -  CallStack content :
[ERROR] [14:59:08] [203] -    в System.Environment.GetStackTrace(Exception e, Boolean needFileInfo)
   в System.Environment.get_StackTrace()
   в NsgSoft.Common.NsgTracer.WriteErrorWithCallstack(String error) в F:\Project_TT_2010\Framework\trunk\NsgSoft.Common\Service\NsgTracer.cs:строка 239
   в NsgSoft.Common.NsgLoggedException..ctor(Enum error, Single errorNumber, Object[] args) в F:\Project_TT_2010\Framework\trunk\NsgSoft.Common\Service\NsgLoggedException.cs:строка 60
   в NsgSoft.Database.NsgDatabaseMsSQL.Find(String tableName, NsgFindParam& parameters, IDbTransaction transaction) в F:\Project_TT_2010\Framework\trunk\NsgSoft.Database\NsgDatabaseMsSQL.cs:строка 2440
   в NsgSoft.DataObjects.NsgMultipleObject.FindAll(NsgFindParam& parameters) в F:\Project_TT_2010\Framework\trunk\NsgSoft.DataObjects\Base Data Types\NsgMultipleObject.DB.cs:строка 2572
   в NsgSoft.DataObjects.NsgMultipleObject.FindAll(Boolean isFull, Int32& count, Int64 row_start, NsgSorting sorting, NsgCompare compare, String[] reqNames, String[] tblRefs) в F:\Project_TT_2010\Framework\trunk\NsgSoft.DataObjects\Base Data Types\NsgMultipleObject.DB.cs:строка 2534
   в NsgSoft.DataObjects.NsgMultipleObject.FindAll(NsgCompare compare) в F:\Project_TT_2010\Framework\trunk\NsgSoft.DataObjects\Base Data Types\NsgMultipleObject.DB.cs:строка 2436
   в Авто.Метаданные.Банк.ИсторияКурсов.FindAll(NsgCompare compare) в C:\FrameworkDemo\code\Метаданные\Банк\ИсторияКурсов\ИсторияКурсов.NsgInit.cs:строка 1108
   в Авто.Метаданные.Банк.ЗаполнениеКурсаФорма.OnCreateReport(NsgBackgroundWorker nsgBackgroundReporter, DoWorkEventArgs e) в C:\FrameworkDemo\code\Метаданные\Банк\ЗаполнениеКурса\Форма.cs:строка 75
   в NsgSoft.Forms.NsgReportForm.onCreateReport(Object sender, DoWorkEventArgs e) в F:\Project_TT_2010\Framework\trunk\NsgSoft.Forms\Forms\CommonForms\NsgReportForm.cs:строка 405
   в NsgSoft.DataObjects.NsgThread.OnDoWork(DoWorkEventArgs e) в F:\Project_TT_2010\Framework\trunk\NsgSoft.DataObjects\Service\NsgThread.cs:строка 630
   в NsgSoft.DataObjects.NsgThread.start(Object obj) в F:\Project_TT_2010\Framework\trunk\NsgSoft.DataObjects\Service\NsgThread.cs:строка 565
   в System.Threading.ExecutionContext.RunInternal(ExecutionContext executionContext, ContextCallback callback, Object state, Boolean preserveSyncCtx)
   в System.Threading.ExecutionContext.Run(ExecutionContext executionContext, ContextCallback callback, Object state, Boolean preserveSyncCtx)
   в System.Threading.ExecutionContext.Run(ExecutionContext executionContext, ContextCallback callback, Object state)
   в System.Threading.ThreadHelper.ThreadStart(Object obj)
[ERROR] [14:59:08] [203] - 
[INFO ] [15:05:37] [1] - 

15:05:37 -------------------------------- NEW LOG --------------------------------
[INFO ] [15:05:49] [1] - Login user: 'Администратор' result: 'True'
[ERROR] [15:05:54] [1] - Key: Invalid agent!
[ERROR] [15:05:54] [1] - Key: Invalid agent!
[ERROR] [15:05:54] [1] - Key: Invalid agent!
[ERROR] [15:05:54] [1] - Key: Invalid agent!
[INFO ] [15:12:25] [1] - 

15:12:25 -------------------------------- NEW LOG --------------------------------
[INFO ] [15:12:36] [1] - Login user: 'Администратор' result: 'True'
[ERROR] [15:12:42] [1] - Key: Invalid agent!
[ERROR] [15:12:42] [1] - Key: Invalid agent!
[ERROR] [15:12:42] [1] - Key: Invalid agent!
[ERROR] [15:12:42] [1] - Key: Invalid agent!
